{"/Users/admin/Projects/redux-starter/src/app/components/Footer/index.js": {"path":"/Users/admin/Projects/redux-starter/src/app/components/Footer/index.js","statementMap":{"0":{"start":{"line":6,"column":22},"end":{"line":6,"column":67}},"1":{"start":{"line":8,"column":4},"end":{"line":17,"column":6}}},"fnMap":{"0":{"name":"(anonymous_0)","decl":{"start":{"line":5,"column":2},"end":{"line":5,"column":3}},"loc":{"start":{"line":5,"column":11},"end":{"line":18,"column":3}},"line":5}},"branchMap":{},"s":{"0":1,"1":1},"f":{"0":1},"b":{},"_coverageSchema":"332fd63041d2c1bcb487cc26dd0d5f7d97098a6c","hash":"15feeb5bc87e140a295165f32a911dac5345f5f3"}
}
